2020-02-24 11:14:13,681 0      [           main] DEBUG ache.ibatis.logging.LogFactory  - Logging initialized using 'class org.apache.ibatis.logging.log4j.Log4jImpl' adapter.
2020-02-24 11:14:13,749 68     [           main] DEBUG source.pooled.PooledDataSource  - PooledDataSource forcefully closed/removed all connections.
2020-02-24 11:14:13,750 69     [           main] DEBUG source.pooled.PooledDataSource  - PooledDataSource forcefully closed/removed all connections.
2020-02-24 11:14:13,750 69     [           main] DEBUG source.pooled.PooledDataSource  - PooledDataSource forcefully closed/removed all connections.
2020-02-24 11:14:13,750 69     [           main] DEBUG source.pooled.PooledDataSource  - PooledDataSource forcefully closed/removed all connections.
2020-02-24 11:14:13,933 252    [           main] DEBUG ansaction.jdbc.JdbcTransaction  - Opening JDBC Connection
2020-02-24 11:14:14,454 773    [           main] DEBUG source.pooled.PooledDataSource  - Created connection 1295226194.
2020-02-24 11:14:14,454 773    [           main] DEBUG ansaction.jdbc.JdbcTransaction  - Setting autocommit to false on JDBC Connection [com.mysql.cj.jdbc.ConnectionImpl@4d339552]
2020-02-24 11:14:14,475 794    [           main] DEBUG m.huiyalin.dao.UserDao.findAll  - ==>  Preparing: select * from user 
2020-02-24 11:14:14,609 928    [           main] DEBUG m.huiyalin.dao.UserDao.findAll  - ==> Parameters: 
2020-02-24 11:14:14,822 1141   [           main] DEBUG m.huiyalin.dao.UserDao.findAll  - <==      Total: 6
2020-02-24 11:14:14,828 1147   [           main] DEBUG ansaction.jdbc.JdbcTransaction  - Resetting autocommit to true on JDBC Connection [com.mysql.cj.jdbc.ConnectionImpl@4d339552]
2020-02-24 11:14:14,830 1149   [           main] DEBUG ansaction.jdbc.JdbcTransaction  - Closing JDBC Connection [com.mysql.cj.jdbc.ConnectionImpl@4d339552]
2020-02-24 11:14:14,830 1149   [           main] DEBUG source.pooled.PooledDataSource  - Returned connection 1295226194 to pool.
2020-02-24 21:51:12,120 0      [           main] DEBUG ache.ibatis.logging.LogFactory  - Logging initialized using 'class org.apache.ibatis.logging.log4j.Log4jImpl' adapter.
2020-02-24 21:51:12,171 51     [           main] DEBUG source.pooled.PooledDataSource  - PooledDataSource forcefully closed/removed all connections.
2020-02-24 21:51:12,172 52     [           main] DEBUG source.pooled.PooledDataSource  - PooledDataSource forcefully closed/removed all connections.
2020-02-24 21:51:12,172 52     [           main] DEBUG source.pooled.PooledDataSource  - PooledDataSource forcefully closed/removed all connections.
2020-02-24 21:51:12,172 52     [           main] DEBUG source.pooled.PooledDataSource  - PooledDataSource forcefully closed/removed all connections.
2020-02-24 21:51:12,398 278    [           main] DEBUG ansaction.jdbc.JdbcTransaction  - Opening JDBC Connection
2020-02-24 21:51:12,809 689    [           main] DEBUG source.pooled.PooledDataSource  - Created connection 1295226194.
2020-02-24 21:51:12,810 690    [           main] DEBUG ansaction.jdbc.JdbcTransaction  - Setting autocommit to false on JDBC Connection [com.mysql.cj.jdbc.ConnectionImpl@4d339552]
2020-02-24 21:51:12,819 699    [           main] DEBUG m.huiyalin.dao.UserDao.findAll  - ==>  Preparing: select * from user 
2020-02-24 21:51:12,888 768    [           main] DEBUG m.huiyalin.dao.UserDao.findAll  - ==> Parameters: 
2020-02-24 21:51:12,945 825    [           main] DEBUG m.huiyalin.dao.UserDao.findAll  - <==      Total: 6
2020-02-24 21:51:12,951 831    [           main] DEBUG ansaction.jdbc.JdbcTransaction  - Resetting autocommit to true on JDBC Connection [com.mysql.cj.jdbc.ConnectionImpl@4d339552]
2020-02-24 21:51:12,959 839    [           main] DEBUG ansaction.jdbc.JdbcTransaction  - Closing JDBC Connection [com.mysql.cj.jdbc.ConnectionImpl@4d339552]
2020-02-24 21:51:12,959 839    [           main] DEBUG source.pooled.PooledDataSource  - Returned connection 1295226194 to pool.
