2020-02-24 22:21:11,511 0      [           main] DEBUG ache.ibatis.logging.LogFactory  - Logging initialized using 'class org.apache.ibatis.logging.log4j.Log4jImpl' adapter.
2020-02-24 22:21:11,575 64     [           main] DEBUG source.pooled.PooledDataSource  - PooledDataSource forcefully closed/removed all connections.
2020-02-24 22:21:11,575 64     [           main] DEBUG source.pooled.PooledDataSource  - PooledDataSource forcefully closed/removed all connections.
2020-02-24 22:21:11,576 65     [           main] DEBUG source.pooled.PooledDataSource  - PooledDataSource forcefully closed/removed all connections.
2020-02-24 22:21:11,576 65     [           main] DEBUG source.pooled.PooledDataSource  - PooledDataSource forcefully closed/removed all connections.
2020-02-24 22:21:11,843 332    [           main] DEBUG ansaction.jdbc.JdbcTransaction  - Opening JDBC Connection
2020-02-24 22:21:12,372 861    [           main] DEBUG source.pooled.PooledDataSource  - Created connection 2130772866.
2020-02-24 22:21:12,372 861    [           main] DEBUG ansaction.jdbc.JdbcTransaction  - Setting autocommit to false on JDBC Connection [com.mysql.cj.jdbc.ConnectionImpl@7f010382]
2020-02-24 22:21:12,381 870    [           main] DEBUG m.huiyalin.dao.UserDao.findAll  - ==>  Preparing: select * from user 
2020-02-24 22:21:12,480 969    [           main] DEBUG m.huiyalin.dao.UserDao.findAll  - ==> Parameters: 
2020-02-24 22:21:12,578 1067   [           main] DEBUG m.huiyalin.dao.UserDao.findAll  - <==      Total: 6
2020-02-24 22:21:12,584 1073   [           main] DEBUG ansaction.jdbc.JdbcTransaction  - Resetting autocommit to true on JDBC Connection [com.mysql.cj.jdbc.ConnectionImpl@7f010382]
2020-02-24 22:21:12,585 1074   [           main] DEBUG ansaction.jdbc.JdbcTransaction  - Closing JDBC Connection [com.mysql.cj.jdbc.ConnectionImpl@7f010382]
2020-02-24 22:21:12,586 1075   [           main] DEBUG source.pooled.PooledDataSource  - Returned connection 2130772866 to pool.
2020-02-24 22:23:11,360 0      [           main] DEBUG ache.ibatis.logging.LogFactory  - Logging initialized using 'class org.apache.ibatis.logging.log4j.Log4jImpl' adapter.
2020-02-24 22:23:11,422 62     [           main] DEBUG source.pooled.PooledDataSource  - PooledDataSource forcefully closed/removed all connections.
2020-02-24 22:23:11,422 62     [           main] DEBUG source.pooled.PooledDataSource  - PooledDataSource forcefully closed/removed all connections.
2020-02-24 22:23:11,422 62     [           main] DEBUG source.pooled.PooledDataSource  - PooledDataSource forcefully closed/removed all connections.
2020-02-24 22:23:11,422 62     [           main] DEBUG source.pooled.PooledDataSource  - PooledDataSource forcefully closed/removed all connections.
2020-02-24 22:23:11,629 269    [           main] DEBUG ansaction.jdbc.JdbcTransaction  - Opening JDBC Connection
2020-02-24 22:23:11,985 625    [           main] DEBUG source.pooled.PooledDataSource  - Created connection 1791045777.
2020-02-24 22:23:11,986 626    [           main] DEBUG ansaction.jdbc.JdbcTransaction  - Setting autocommit to false on JDBC Connection [com.mysql.cj.jdbc.ConnectionImpl@6ac13091]
2020-02-24 22:23:11,994 634    [           main] DEBUG m.huiyalin.dao.UserDao.findAll  - ==>  Preparing: select * from user 
2020-02-24 22:23:12,057 697    [           main] DEBUG m.huiyalin.dao.UserDao.findAll  - ==> Parameters: 
2020-02-24 22:23:12,188 828    [           main] DEBUG m.huiyalin.dao.UserDao.findAll  - <==      Total: 6
2020-02-24 22:23:12,194 834    [           main] DEBUG ansaction.jdbc.JdbcTransaction  - Resetting autocommit to true on JDBC Connection [com.mysql.cj.jdbc.ConnectionImpl@6ac13091]
2020-02-24 22:23:12,208 848    [           main] DEBUG ansaction.jdbc.JdbcTransaction  - Closing JDBC Connection [com.mysql.cj.jdbc.ConnectionImpl@6ac13091]
2020-02-24 22:23:12,209 849    [           main] DEBUG source.pooled.PooledDataSource  - Returned connection 1791045777 to pool.
2020-02-24 22:23:44,629 0      [           main] DEBUG ache.ibatis.logging.LogFactory  - Logging initialized using 'class org.apache.ibatis.logging.log4j.Log4jImpl' adapter.
2020-02-24 22:23:44,683 54     [           main] DEBUG source.pooled.PooledDataSource  - PooledDataSource forcefully closed/removed all connections.
2020-02-24 22:23:44,684 55     [           main] DEBUG source.pooled.PooledDataSource  - PooledDataSource forcefully closed/removed all connections.
2020-02-24 22:23:44,684 55     [           main] DEBUG source.pooled.PooledDataSource  - PooledDataSource forcefully closed/removed all connections.
2020-02-24 22:23:44,685 56     [           main] DEBUG source.pooled.PooledDataSource  - PooledDataSource forcefully closed/removed all connections.
2020-02-24 22:25:18,340 0      [           main] DEBUG ache.ibatis.logging.LogFactory  - Logging initialized using 'class org.apache.ibatis.logging.log4j.Log4jImpl' adapter.
2020-02-24 22:25:18,384 44     [           main] DEBUG source.pooled.PooledDataSource  - PooledDataSource forcefully closed/removed all connections.
2020-02-24 22:25:18,384 44     [           main] DEBUG source.pooled.PooledDataSource  - PooledDataSource forcefully closed/removed all connections.
2020-02-24 22:25:18,384 44     [           main] DEBUG source.pooled.PooledDataSource  - PooledDataSource forcefully closed/removed all connections.
2020-02-24 22:25:18,385 45     [           main] DEBUG source.pooled.PooledDataSource  - PooledDataSource forcefully closed/removed all connections.
2020-02-24 22:27:21,079 0      [           main] DEBUG ache.ibatis.logging.LogFactory  - Logging initialized using 'class org.apache.ibatis.logging.log4j.Log4jImpl' adapter.
2020-02-24 22:27:21,127 48     [           main] DEBUG source.pooled.PooledDataSource  - PooledDataSource forcefully closed/removed all connections.
2020-02-24 22:27:21,127 48     [           main] DEBUG source.pooled.PooledDataSource  - PooledDataSource forcefully closed/removed all connections.
2020-02-24 22:27:21,128 49     [           main] DEBUG source.pooled.PooledDataSource  - PooledDataSource forcefully closed/removed all connections.
2020-02-24 22:27:21,128 49     [           main] DEBUG source.pooled.PooledDataSource  - PooledDataSource forcefully closed/removed all connections.
2020-02-24 22:27:21,345 266    [           main] DEBUG ansaction.jdbc.JdbcTransaction  - Opening JDBC Connection
2020-02-24 22:27:21,792 713    [           main] DEBUG source.pooled.PooledDataSource  - Created connection 1448247698.
2020-02-24 22:27:21,793 714    [           main] DEBUG ansaction.jdbc.JdbcTransaction  - Setting autocommit to false on JDBC Connection [com.mysql.cj.jdbc.ConnectionImpl@56528192]
2020-02-24 22:27:21,803 724    [           main] DEBUG .huiyalin.dao.UserDao.saveUser  - ==>  Preparing: insert into user(username,address,sex,birthday) values(?,?,?,?); 
2020-02-24 22:27:21,912 833    [           main] DEBUG .huiyalin.dao.UserDao.saveUser  - ==> Parameters: 王贺(String), 王家岭(String), 男(String), 2020-02-24 22:27:21.313(Timestamp)
2020-02-24 22:27:22,139 1060   [           main] DEBUG .huiyalin.dao.UserDao.saveUser  - <==    Updates: 1
2020-02-24 22:27:22,140 1061   [           main] DEBUG ansaction.jdbc.JdbcTransaction  - Committing JDBC Connection [com.mysql.cj.jdbc.ConnectionImpl@56528192]
2020-02-24 22:27:22,281 1202   [           main] DEBUG ansaction.jdbc.JdbcTransaction  - Resetting autocommit to true on JDBC Connection [com.mysql.cj.jdbc.ConnectionImpl@56528192]
2020-02-24 22:27:22,282 1203   [           main] DEBUG ansaction.jdbc.JdbcTransaction  - Closing JDBC Connection [com.mysql.cj.jdbc.ConnectionImpl@56528192]
2020-02-24 22:27:22,282 1203   [           main] DEBUG source.pooled.PooledDataSource  - Returned connection 1448247698 to pool.
2020-02-25 11:50:50,847 0      [           main] DEBUG ache.ibatis.logging.LogFactory  - Logging initialized using 'class org.apache.ibatis.logging.log4j.Log4jImpl' adapter.
2020-02-25 11:50:50,951 104    [           main] DEBUG source.pooled.PooledDataSource  - PooledDataSource forcefully closed/removed all connections.
2020-02-25 11:50:50,951 104    [           main] DEBUG source.pooled.PooledDataSource  - PooledDataSource forcefully closed/removed all connections.
2020-02-25 11:50:50,952 105    [           main] DEBUG source.pooled.PooledDataSource  - PooledDataSource forcefully closed/removed all connections.
2020-02-25 11:50:50,952 105    [           main] DEBUG source.pooled.PooledDataSource  - PooledDataSource forcefully closed/removed all connections.
2020-02-25 11:50:51,233 386    [           main] DEBUG ansaction.jdbc.JdbcTransaction  - Opening JDBC Connection
2020-02-25 11:50:51,757 910    [           main] DEBUG source.pooled.PooledDataSource  - Created connection 1448247698.
2020-02-25 11:50:51,757 910    [           main] DEBUG ansaction.jdbc.JdbcTransaction  - Setting autocommit to false on JDBC Connection [com.mysql.cj.jdbc.ConnectionImpl@56528192]
2020-02-25 11:50:51,775 928    [           main] DEBUG .huiyalin.dao.UserDao.saveUser  - ==>  Preparing: insert into user(username,address,sex,birthday) values(?,?,?,?); 
2020-02-25 11:50:51,910 1063   [           main] DEBUG .huiyalin.dao.UserDao.saveUser  - ==> Parameters: 王贺(String), 王家岭(String), 男(String), 2020-02-25 11:50:51.189(Timestamp)
2020-02-25 11:50:51,936 1089   [           main] DEBUG .huiyalin.dao.UserDao.saveUser  - <==    Updates: 1
2020-02-25 11:50:51,937 1090   [           main] DEBUG ansaction.jdbc.JdbcTransaction  - Committing JDBC Connection [com.mysql.cj.jdbc.ConnectionImpl@56528192]
2020-02-25 11:50:52,139 1292   [           main] DEBUG ansaction.jdbc.JdbcTransaction  - Resetting autocommit to true on JDBC Connection [com.mysql.cj.jdbc.ConnectionImpl@56528192]
2020-02-25 11:50:52,139 1292   [           main] DEBUG ansaction.jdbc.JdbcTransaction  - Closing JDBC Connection [com.mysql.cj.jdbc.ConnectionImpl@56528192]
2020-02-25 11:50:52,140 1293   [           main] DEBUG source.pooled.PooledDataSource  - Returned connection 1448247698 to pool.
2020-02-25 11:51:07,324 0      [           main] DEBUG ache.ibatis.logging.LogFactory  - Logging initialized using 'class org.apache.ibatis.logging.log4j.Log4jImpl' adapter.
2020-02-25 11:51:07,383 59     [           main] DEBUG source.pooled.PooledDataSource  - PooledDataSource forcefully closed/removed all connections.
2020-02-25 11:51:07,384 60     [           main] DEBUG source.pooled.PooledDataSource  - PooledDataSource forcefully closed/removed all connections.
2020-02-25 11:51:07,384 60     [           main] DEBUG source.pooled.PooledDataSource  - PooledDataSource forcefully closed/removed all connections.
2020-02-25 11:51:07,384 60     [           main] DEBUG source.pooled.PooledDataSource  - PooledDataSource forcefully closed/removed all connections.
2020-02-25 11:51:07,585 261    [           main] DEBUG ansaction.jdbc.JdbcTransaction  - Opening JDBC Connection
2020-02-25 11:51:07,966 642    [           main] DEBUG source.pooled.PooledDataSource  - Created connection 1448247698.
2020-02-25 11:51:07,967 643    [           main] DEBUG ansaction.jdbc.JdbcTransaction  - Setting autocommit to false on JDBC Connection [com.mysql.cj.jdbc.ConnectionImpl@56528192]
2020-02-25 11:51:07,975 651    [           main] DEBUG .huiyalin.dao.UserDao.saveUser  - ==>  Preparing: insert into user(username,address,sex,birthday) values(?,?,?,?); 
2020-02-25 11:51:08,053 729    [           main] DEBUG .huiyalin.dao.UserDao.saveUser  - ==> Parameters: 王佳(String), 王家山(String), 女(String), 2020-02-25 11:51:07.554(Timestamp)
2020-02-25 11:51:08,091 767    [           main] DEBUG .huiyalin.dao.UserDao.saveUser  - <==    Updates: 1
2020-02-25 11:51:08,092 768    [           main] DEBUG ansaction.jdbc.JdbcTransaction  - Committing JDBC Connection [com.mysql.cj.jdbc.ConnectionImpl@56528192]
2020-02-25 11:51:08,359 1035   [           main] DEBUG ansaction.jdbc.JdbcTransaction  - Resetting autocommit to true on JDBC Connection [com.mysql.cj.jdbc.ConnectionImpl@56528192]
2020-02-25 11:51:08,361 1037   [           main] DEBUG ansaction.jdbc.JdbcTransaction  - Closing JDBC Connection [com.mysql.cj.jdbc.ConnectionImpl@56528192]
2020-02-25 11:51:08,361 1037   [           main] DEBUG source.pooled.PooledDataSource  - Returned connection 1448247698 to pool.
2020-02-25 11:51:40,149 0      [           main] DEBUG ache.ibatis.logging.LogFactory  - Logging initialized using 'class org.apache.ibatis.logging.log4j.Log4jImpl' adapter.
2020-02-25 11:51:40,213 64     [           main] DEBUG source.pooled.PooledDataSource  - PooledDataSource forcefully closed/removed all connections.
2020-02-25 11:51:40,214 65     [           main] DEBUG source.pooled.PooledDataSource  - PooledDataSource forcefully closed/removed all connections.
2020-02-25 11:51:40,214 65     [           main] DEBUG source.pooled.PooledDataSource  - PooledDataSource forcefully closed/removed all connections.
2020-02-25 11:51:40,214 65     [           main] DEBUG source.pooled.PooledDataSource  - PooledDataSource forcefully closed/removed all connections.
2020-02-25 11:51:40,458 309    [           main] DEBUG ansaction.jdbc.JdbcTransaction  - Opening JDBC Connection
2020-02-25 11:51:40,829 680    [           main] DEBUG source.pooled.PooledDataSource  - Created connection 1448247698.
2020-02-25 11:51:40,829 680    [           main] DEBUG ansaction.jdbc.JdbcTransaction  - Setting autocommit to false on JDBC Connection [com.mysql.cj.jdbc.ConnectionImpl@56528192]
2020-02-25 11:51:40,839 690    [           main] DEBUG .huiyalin.dao.UserDao.saveUser  - ==>  Preparing: insert into user(username,address,sex,birthday) values(?,?,?,?); 
2020-02-25 11:51:40,914 765    [           main] DEBUG .huiyalin.dao.UserDao.saveUser  - ==> Parameters: 王佳(String), 王家山(String), 女(String), 2020-02-25 11:51:40.42(Timestamp)
2020-02-25 11:51:40,932 783    [           main] DEBUG .huiyalin.dao.UserDao.saveUser  - <==    Updates: 1
2020-02-25 11:51:40,933 784    [           main] DEBUG ansaction.jdbc.JdbcTransaction  - Committing JDBC Connection [com.mysql.cj.jdbc.ConnectionImpl@56528192]
2020-02-25 11:51:40,991 842    [           main] DEBUG ansaction.jdbc.JdbcTransaction  - Resetting autocommit to true on JDBC Connection [com.mysql.cj.jdbc.ConnectionImpl@56528192]
2020-02-25 11:51:40,992 843    [           main] DEBUG ansaction.jdbc.JdbcTransaction  - Closing JDBC Connection [com.mysql.cj.jdbc.ConnectionImpl@56528192]
2020-02-25 11:51:40,992 843    [           main] DEBUG source.pooled.PooledDataSource  - Returned connection 1448247698 to pool.
2020-02-25 11:52:12,135 0      [           main] DEBUG ache.ibatis.logging.LogFactory  - Logging initialized using 'class org.apache.ibatis.logging.log4j.Log4jImpl' adapter.
2020-02-25 11:52:12,191 56     [           main] DEBUG source.pooled.PooledDataSource  - PooledDataSource forcefully closed/removed all connections.
2020-02-25 11:52:12,192 57     [           main] DEBUG source.pooled.PooledDataSource  - PooledDataSource forcefully closed/removed all connections.
2020-02-25 11:52:12,192 57     [           main] DEBUG source.pooled.PooledDataSource  - PooledDataSource forcefully closed/removed all connections.
2020-02-25 11:52:12,192 57     [           main] DEBUG source.pooled.PooledDataSource  - PooledDataSource forcefully closed/removed all connections.
2020-02-25 11:52:12,391 256    [           main] DEBUG ansaction.jdbc.JdbcTransaction  - Opening JDBC Connection
2020-02-25 11:52:12,792 657    [           main] DEBUG source.pooled.PooledDataSource  - Created connection 1448247698.
2020-02-25 11:52:12,792 657    [           main] DEBUG ansaction.jdbc.JdbcTransaction  - Setting autocommit to false on JDBC Connection [com.mysql.cj.jdbc.ConnectionImpl@56528192]
2020-02-25 11:52:12,803 668    [           main] DEBUG uiyalin.dao.UserDao.updateUser  - ==>  Preparing: update user set username=?,address=?,sex=?,birthday=? where id=?; 
2020-02-25 11:52:12,915 780    [           main] DEBUG ansaction.jdbc.JdbcTransaction  - Committing JDBC Connection [com.mysql.cj.jdbc.ConnectionImpl@56528192]
2020-02-25 11:52:12,916 781    [           main] DEBUG ansaction.jdbc.JdbcTransaction  - Resetting autocommit to true on JDBC Connection [com.mysql.cj.jdbc.ConnectionImpl@56528192]
2020-02-25 11:52:12,917 782    [           main] DEBUG ansaction.jdbc.JdbcTransaction  - Closing JDBC Connection [com.mysql.cj.jdbc.ConnectionImpl@56528192]
2020-02-25 11:52:12,917 782    [           main] DEBUG source.pooled.PooledDataSource  - Returned connection 1448247698 to pool.
2020-02-25 11:52:54,510 0      [           main] DEBUG ache.ibatis.logging.LogFactory  - Logging initialized using 'class org.apache.ibatis.logging.log4j.Log4jImpl' adapter.
2020-02-25 11:52:54,631 121    [           main] DEBUG source.pooled.PooledDataSource  - PooledDataSource forcefully closed/removed all connections.
2020-02-25 11:52:54,631 121    [           main] DEBUG source.pooled.PooledDataSource  - PooledDataSource forcefully closed/removed all connections.
2020-02-25 11:52:54,631 121    [           main] DEBUG source.pooled.PooledDataSource  - PooledDataSource forcefully closed/removed all connections.
2020-02-25 11:52:54,631 121    [           main] DEBUG source.pooled.PooledDataSource  - PooledDataSource forcefully closed/removed all connections.
2020-02-25 11:52:54,945 435    [           main] DEBUG ansaction.jdbc.JdbcTransaction  - Opening JDBC Connection
2020-02-25 11:52:55,548 1038   [           main] DEBUG source.pooled.PooledDataSource  - Created connection 1448247698.
2020-02-25 11:52:55,548 1038   [           main] DEBUG ansaction.jdbc.JdbcTransaction  - Setting autocommit to false on JDBC Connection [com.mysql.cj.jdbc.ConnectionImpl@56528192]
2020-02-25 11:52:55,561 1051   [           main] DEBUG uiyalin.dao.UserDao.updateUser  - ==>  Preparing: update user set username=?,address=?,sex=?,birthday=? where id=?; 
2020-02-25 11:52:55,692 1182   [           main] DEBUG uiyalin.dao.UserDao.updateUser  - ==> Parameters: 王佳(String), 王家山(String), 女(String), 2020-02-25 11:52:54.898(Timestamp), 49(Integer)
2020-02-25 11:52:55,711 1201   [           main] DEBUG uiyalin.dao.UserDao.updateUser  - <==    Updates: 1
2020-02-25 11:52:55,712 1202   [           main] DEBUG ansaction.jdbc.JdbcTransaction  - Committing JDBC Connection [com.mysql.cj.jdbc.ConnectionImpl@56528192]
2020-02-25 11:52:55,843 1333   [           main] DEBUG ansaction.jdbc.JdbcTransaction  - Resetting autocommit to true on JDBC Connection [com.mysql.cj.jdbc.ConnectionImpl@56528192]
2020-02-25 11:52:55,844 1334   [           main] DEBUG ansaction.jdbc.JdbcTransaction  - Closing JDBC Connection [com.mysql.cj.jdbc.ConnectionImpl@56528192]
2020-02-25 11:52:55,844 1334   [           main] DEBUG source.pooled.PooledDataSource  - Returned connection 1448247698 to pool.
2020-02-25 11:57:33,431 0      [           main] DEBUG ache.ibatis.logging.LogFactory  - Logging initialized using 'class org.apache.ibatis.logging.log4j.Log4jImpl' adapter.
2020-02-25 11:57:33,506 75     [           main] DEBUG source.pooled.PooledDataSource  - PooledDataSource forcefully closed/removed all connections.
2020-02-25 11:57:33,507 76     [           main] DEBUG source.pooled.PooledDataSource  - PooledDataSource forcefully closed/removed all connections.
2020-02-25 11:57:33,508 77     [           main] DEBUG source.pooled.PooledDataSource  - PooledDataSource forcefully closed/removed all connections.
2020-02-25 11:57:33,508 77     [           main] DEBUG source.pooled.PooledDataSource  - PooledDataSource forcefully closed/removed all connections.
2020-02-25 11:57:33,897 466    [           main] DEBUG ansaction.jdbc.JdbcTransaction  - Opening JDBC Connection
2020-02-25 11:57:34,419 988    [           main] DEBUG source.pooled.PooledDataSource  - Created connection 6750210.
2020-02-25 11:57:34,420 989    [           main] DEBUG ansaction.jdbc.JdbcTransaction  - Setting autocommit to false on JDBC Connection [com.mysql.cj.jdbc.ConnectionImpl@670002]
2020-02-25 11:57:34,429 998    [           main] DEBUG uiyalin.dao.UserDao.deleteUser  - ==>  Preparing: delete from user where id=?; 
2020-02-25 11:57:34,572 1141   [           main] DEBUG uiyalin.dao.UserDao.deleteUser  - ==> Parameters: 52(Integer)
2020-02-25 11:57:34,640 1209   [           main] DEBUG uiyalin.dao.UserDao.deleteUser  - <==    Updates: 1
2020-02-25 11:57:34,640 1209   [           main] DEBUG ansaction.jdbc.JdbcTransaction  - Committing JDBC Connection [com.mysql.cj.jdbc.ConnectionImpl@670002]
2020-02-25 11:57:34,816 1385   [           main] DEBUG ansaction.jdbc.JdbcTransaction  - Resetting autocommit to true on JDBC Connection [com.mysql.cj.jdbc.ConnectionImpl@670002]
2020-02-25 11:57:34,817 1386   [           main] DEBUG ansaction.jdbc.JdbcTransaction  - Closing JDBC Connection [com.mysql.cj.jdbc.ConnectionImpl@670002]
2020-02-25 11:57:34,818 1387   [           main] DEBUG source.pooled.PooledDataSource  - Returned connection 6750210 to pool.
2020-02-25 12:05:26,436 0      [           main] DEBUG ache.ibatis.logging.LogFactory  - Logging initialized using 'class org.apache.ibatis.logging.log4j.Log4jImpl' adapter.
2020-02-25 12:05:26,485 49     [           main] DEBUG source.pooled.PooledDataSource  - PooledDataSource forcefully closed/removed all connections.
2020-02-25 12:05:26,486 50     [           main] DEBUG source.pooled.PooledDataSource  - PooledDataSource forcefully closed/removed all connections.
2020-02-25 12:05:26,486 50     [           main] DEBUG source.pooled.PooledDataSource  - PooledDataSource forcefully closed/removed all connections.
2020-02-25 12:05:26,486 50     [           main] DEBUG source.pooled.PooledDataSource  - PooledDataSource forcefully closed/removed all connections.
2020-02-25 12:06:06,729 0      [           main] DEBUG ache.ibatis.logging.LogFactory  - Logging initialized using 'class org.apache.ibatis.logging.log4j.Log4jImpl' adapter.
2020-02-25 12:06:06,793 64     [           main] DEBUG source.pooled.PooledDataSource  - PooledDataSource forcefully closed/removed all connections.
2020-02-25 12:06:06,793 64     [           main] DEBUG source.pooled.PooledDataSource  - PooledDataSource forcefully closed/removed all connections.
2020-02-25 12:06:06,793 64     [           main] DEBUG source.pooled.PooledDataSource  - PooledDataSource forcefully closed/removed all connections.
2020-02-25 12:06:06,793 64     [           main] DEBUG source.pooled.PooledDataSource  - PooledDataSource forcefully closed/removed all connections.
2020-02-25 12:06:07,056 327    [           main] DEBUG ansaction.jdbc.JdbcTransaction  - Opening JDBC Connection
2020-02-25 12:06:07,376 647    [           main] DEBUG source.pooled.PooledDataSource  - Created connection 1506809545.
2020-02-25 12:06:07,376 647    [           main] DEBUG ansaction.jdbc.JdbcTransaction  - Setting autocommit to false on JDBC Connection [com.mysql.cj.jdbc.ConnectionImpl@59d016c9]
2020-02-25 12:06:07,384 655    [           main] DEBUG lin.dao.UserDao.selectUserById  - ==>  Preparing: select * from user where id=?; 
2020-02-25 12:06:07,481 752    [           main] DEBUG lin.dao.UserDao.selectUserById  - ==> Parameters: 52(Integer)
2020-02-25 12:06:07,535 806    [           main] DEBUG lin.dao.UserDao.selectUserById  - <==      Total: 0
2020-02-25 12:06:07,540 811    [           main] DEBUG ansaction.jdbc.JdbcTransaction  - Resetting autocommit to true on JDBC Connection [com.mysql.cj.jdbc.ConnectionImpl@59d016c9]
2020-02-25 12:06:07,541 812    [           main] DEBUG ansaction.jdbc.JdbcTransaction  - Closing JDBC Connection [com.mysql.cj.jdbc.ConnectionImpl@59d016c9]
2020-02-25 12:06:07,542 813    [           main] DEBUG source.pooled.PooledDataSource  - Returned connection 1506809545 to pool.
2020-02-25 12:06:44,336 0      [           main] DEBUG ache.ibatis.logging.LogFactory  - Logging initialized using 'class org.apache.ibatis.logging.log4j.Log4jImpl' adapter.
2020-02-25 12:06:44,380 44     [           main] DEBUG source.pooled.PooledDataSource  - PooledDataSource forcefully closed/removed all connections.
2020-02-25 12:06:44,380 44     [           main] DEBUG source.pooled.PooledDataSource  - PooledDataSource forcefully closed/removed all connections.
2020-02-25 12:06:44,380 44     [           main] DEBUG source.pooled.PooledDataSource  - PooledDataSource forcefully closed/removed all connections.
2020-02-25 12:06:44,381 45     [           main] DEBUG source.pooled.PooledDataSource  - PooledDataSource forcefully closed/removed all connections.
2020-02-25 12:06:44,584 248    [           main] DEBUG ansaction.jdbc.JdbcTransaction  - Opening JDBC Connection
2020-02-25 12:06:44,968 632    [           main] DEBUG source.pooled.PooledDataSource  - Created connection 1506809545.
2020-02-25 12:06:44,968 632    [           main] DEBUG ansaction.jdbc.JdbcTransaction  - Setting autocommit to false on JDBC Connection [com.mysql.cj.jdbc.ConnectionImpl@59d016c9]
2020-02-25 12:06:44,974 638    [           main] DEBUG lin.dao.UserDao.selectUserById  - ==>  Preparing: select * from user where id=?; 
2020-02-25 12:06:45,039 703    [           main] DEBUG lin.dao.UserDao.selectUserById  - ==> Parameters: 52(Integer)
2020-02-25 12:06:45,110 774    [           main] DEBUG lin.dao.UserDao.selectUserById  - <==      Total: 0
2020-02-25 12:06:45,116 780    [           main] DEBUG ansaction.jdbc.JdbcTransaction  - Resetting autocommit to true on JDBC Connection [com.mysql.cj.jdbc.ConnectionImpl@59d016c9]
2020-02-25 12:06:45,117 781    [           main] DEBUG ansaction.jdbc.JdbcTransaction  - Closing JDBC Connection [com.mysql.cj.jdbc.ConnectionImpl@59d016c9]
2020-02-25 12:06:45,117 781    [           main] DEBUG source.pooled.PooledDataSource  - Returned connection 1506809545 to pool.
2020-02-25 12:07:02,282 0      [           main] DEBUG ache.ibatis.logging.LogFactory  - Logging initialized using 'class org.apache.ibatis.logging.log4j.Log4jImpl' adapter.
2020-02-25 12:07:02,329 47     [           main] DEBUG source.pooled.PooledDataSource  - PooledDataSource forcefully closed/removed all connections.
2020-02-25 12:07:02,329 47     [           main] DEBUG source.pooled.PooledDataSource  - PooledDataSource forcefully closed/removed all connections.
2020-02-25 12:07:02,330 48     [           main] DEBUG source.pooled.PooledDataSource  - PooledDataSource forcefully closed/removed all connections.
2020-02-25 12:07:02,330 48     [           main] DEBUG source.pooled.PooledDataSource  - PooledDataSource forcefully closed/removed all connections.
2020-02-25 12:07:02,529 247    [           main] DEBUG ansaction.jdbc.JdbcTransaction  - Opening JDBC Connection
2020-02-25 12:07:02,904 622    [           main] DEBUG source.pooled.PooledDataSource  - Created connection 1506809545.
2020-02-25 12:07:02,905 623    [           main] DEBUG ansaction.jdbc.JdbcTransaction  - Setting autocommit to false on JDBC Connection [com.mysql.cj.jdbc.ConnectionImpl@59d016c9]
2020-02-25 12:07:02,913 631    [           main] DEBUG lin.dao.UserDao.selectUserById  - ==>  Preparing: select * from user where id=?; 
2020-02-25 12:07:02,975 693    [           main] DEBUG lin.dao.UserDao.selectUserById  - ==> Parameters: 51(Integer)
2020-02-25 12:07:03,040 758    [           main] DEBUG lin.dao.UserDao.selectUserById  - <==      Total: 1
2020-02-25 12:07:03,045 763    [           main] DEBUG ansaction.jdbc.JdbcTransaction  - Resetting autocommit to true on JDBC Connection [com.mysql.cj.jdbc.ConnectionImpl@59d016c9]
2020-02-25 12:07:03,046 764    [           main] DEBUG ansaction.jdbc.JdbcTransaction  - Closing JDBC Connection [com.mysql.cj.jdbc.ConnectionImpl@59d016c9]
2020-02-25 12:07:03,046 764    [           main] DEBUG source.pooled.PooledDataSource  - Returned connection 1506809545 to pool.
2020-02-25 12:15:56,459 0      [           main] DEBUG ache.ibatis.logging.LogFactory  - Logging initialized using 'class org.apache.ibatis.logging.log4j.Log4jImpl' adapter.
2020-02-25 12:15:56,516 57     [           main] DEBUG source.pooled.PooledDataSource  - PooledDataSource forcefully closed/removed all connections.
2020-02-25 12:15:56,516 57     [           main] DEBUG source.pooled.PooledDataSource  - PooledDataSource forcefully closed/removed all connections.
2020-02-25 12:15:56,517 58     [           main] DEBUG source.pooled.PooledDataSource  - PooledDataSource forcefully closed/removed all connections.
2020-02-25 12:15:56,517 58     [           main] DEBUG source.pooled.PooledDataSource  - PooledDataSource forcefully closed/removed all connections.
2020-02-25 12:15:56,732 273    [           main] DEBUG ansaction.jdbc.JdbcTransaction  - Opening JDBC Connection
2020-02-25 12:15:57,117 658    [           main] DEBUG source.pooled.PooledDataSource  - Created connection 1506809545.
2020-02-25 12:15:57,118 659    [           main] DEBUG ansaction.jdbc.JdbcTransaction  - Setting autocommit to false on JDBC Connection [com.mysql.cj.jdbc.ConnectionImpl@59d016c9]
2020-02-25 12:15:57,130 671    [           main] DEBUG uiyalin.dao.UserDao.findByName  - ==>  Preparing: select * from user where username like ?; 
2020-02-25 12:15:57,253 794    [           main] DEBUG uiyalin.dao.UserDao.findByName  - ==> Parameters: %王%(String)
2020-02-25 12:15:57,324 865    [           main] DEBUG uiyalin.dao.UserDao.findByName  - <==      Total: 7
2020-02-25 12:15:57,329 870    [           main] DEBUG ansaction.jdbc.JdbcTransaction  - Resetting autocommit to true on JDBC Connection [com.mysql.cj.jdbc.ConnectionImpl@59d016c9]
2020-02-25 12:15:57,330 871    [           main] DEBUG ansaction.jdbc.JdbcTransaction  - Closing JDBC Connection [com.mysql.cj.jdbc.ConnectionImpl@59d016c9]
2020-02-25 12:15:57,330 871    [           main] DEBUG source.pooled.PooledDataSource  - Returned connection 1506809545 to pool.
2020-02-25 13:28:27,510 0      [           main] DEBUG ache.ibatis.logging.LogFactory  - Logging initialized using 'class org.apache.ibatis.logging.log4j.Log4jImpl' adapter.
2020-02-25 13:28:27,565 55     [           main] DEBUG source.pooled.PooledDataSource  - PooledDataSource forcefully closed/removed all connections.
2020-02-25 13:28:27,566 56     [           main] DEBUG source.pooled.PooledDataSource  - PooledDataSource forcefully closed/removed all connections.
2020-02-25 13:28:27,566 56     [           main] DEBUG source.pooled.PooledDataSource  - PooledDataSource forcefully closed/removed all connections.
2020-02-25 13:28:27,566 56     [           main] DEBUG source.pooled.PooledDataSource  - PooledDataSource forcefully closed/removed all connections.
2020-02-25 13:28:27,812 302    [           main] DEBUG ansaction.jdbc.JdbcTransaction  - Opening JDBC Connection
2020-02-25 13:28:28,288 778    [           main] DEBUG source.pooled.PooledDataSource  - Created connection 517052730.
2020-02-25 13:28:28,289 779    [           main] DEBUG ansaction.jdbc.JdbcTransaction  - Setting autocommit to false on JDBC Connection [com.mysql.cj.jdbc.ConnectionImpl@1ed1993a]
2020-02-25 13:28:28,322 812    [           main] DEBUG huiyalin.dao.UserDao.findTotal  - ==>  Preparing: select count (id) from user; 
2020-02-25 13:28:28,385 875    [           main] DEBUG huiyalin.dao.UserDao.findTotal  - ==> Parameters: 
2020-02-25 13:28:28,737 1227   [           main] DEBUG ansaction.jdbc.JdbcTransaction  - Resetting autocommit to true on JDBC Connection [com.mysql.cj.jdbc.ConnectionImpl@1ed1993a]
2020-02-25 13:28:28,738 1228   [           main] DEBUG ansaction.jdbc.JdbcTransaction  - Closing JDBC Connection [com.mysql.cj.jdbc.ConnectionImpl@1ed1993a]
2020-02-25 13:28:28,738 1228   [           main] DEBUG source.pooled.PooledDataSource  - Returned connection 517052730 to pool.
2020-02-25 13:30:19,529 1      [           main] DEBUG ache.ibatis.logging.LogFactory  - Logging initialized using 'class org.apache.ibatis.logging.log4j.Log4jImpl' adapter.
2020-02-25 13:30:19,579 51     [           main] DEBUG source.pooled.PooledDataSource  - PooledDataSource forcefully closed/removed all connections.
2020-02-25 13:30:19,579 51     [           main] DEBUG source.pooled.PooledDataSource  - PooledDataSource forcefully closed/removed all connections.
2020-02-25 13:30:19,579 51     [           main] DEBUG source.pooled.PooledDataSource  - PooledDataSource forcefully closed/removed all connections.
2020-02-25 13:30:19,580 52     [           main] DEBUG source.pooled.PooledDataSource  - PooledDataSource forcefully closed/removed all connections.
2020-02-25 13:30:19,780 252    [           main] DEBUG ansaction.jdbc.JdbcTransaction  - Opening JDBC Connection
2020-02-25 13:30:20,174 646    [           main] DEBUG source.pooled.PooledDataSource  - Created connection 517052730.
2020-02-25 13:30:20,174 646    [           main] DEBUG ansaction.jdbc.JdbcTransaction  - Setting autocommit to false on JDBC Connection [com.mysql.cj.jdbc.ConnectionImpl@1ed1993a]
2020-02-25 13:30:20,182 654    [           main] DEBUG huiyalin.dao.UserDao.findTotal  - ==>  Preparing: select count(id) from user; 
2020-02-25 13:30:20,259 731    [           main] DEBUG huiyalin.dao.UserDao.findTotal  - ==> Parameters: 
2020-02-25 13:30:20,440 912    [           main] DEBUG huiyalin.dao.UserDao.findTotal  - <==      Total: 1
2020-02-25 13:30:20,447 919    [           main] DEBUG ansaction.jdbc.JdbcTransaction  - Resetting autocommit to true on JDBC Connection [com.mysql.cj.jdbc.ConnectionImpl@1ed1993a]
2020-02-25 13:30:20,450 922    [           main] DEBUG ansaction.jdbc.JdbcTransaction  - Closing JDBC Connection [com.mysql.cj.jdbc.ConnectionImpl@1ed1993a]
2020-02-25 13:30:20,450 922    [           main] DEBUG source.pooled.PooledDataSource  - Returned connection 517052730 to pool.
2020-02-25 14:00:50,110 0      [           main] DEBUG ache.ibatis.logging.LogFactory  - Logging initialized using 'class org.apache.ibatis.logging.log4j.Log4jImpl' adapter.
2020-02-25 14:00:50,165 55     [           main] DEBUG source.pooled.PooledDataSource  - PooledDataSource forcefully closed/removed all connections.
2020-02-25 14:00:50,165 55     [           main] DEBUG source.pooled.PooledDataSource  - PooledDataSource forcefully closed/removed all connections.
2020-02-25 14:00:50,165 55     [           main] DEBUG source.pooled.PooledDataSource  - PooledDataSource forcefully closed/removed all connections.
2020-02-25 14:00:50,165 55     [           main] DEBUG source.pooled.PooledDataSource  - PooledDataSource forcefully closed/removed all connections.
2020-02-25 14:00:50,426 316    [           main] DEBUG ansaction.jdbc.JdbcTransaction  - Opening JDBC Connection
2020-02-25 14:00:51,132 1022   [           main] DEBUG source.pooled.PooledDataSource  - Created connection 517052730.
2020-02-25 14:00:51,132 1022   [           main] DEBUG ansaction.jdbc.JdbcTransaction  - Setting autocommit to false on JDBC Connection [com.mysql.cj.jdbc.ConnectionImpl@1ed1993a]
2020-02-25 14:00:51,143 1033   [           main] DEBUG huiyalin.dao.UserDao.findTotal  - ==>  Preparing: select count(id) from user; 
2020-02-25 14:00:51,220 1110   [           main] DEBUG huiyalin.dao.UserDao.findTotal  - ==> Parameters: 
2020-02-25 14:00:51,300 1190   [           main] DEBUG huiyalin.dao.UserDao.findTotal  - <==      Total: 1
2020-02-25 14:00:51,305 1195   [           main] DEBUG ansaction.jdbc.JdbcTransaction  - Resetting autocommit to true on JDBC Connection [com.mysql.cj.jdbc.ConnectionImpl@1ed1993a]
2020-02-25 14:00:51,315 1205   [           main] DEBUG ansaction.jdbc.JdbcTransaction  - Closing JDBC Connection [com.mysql.cj.jdbc.ConnectionImpl@1ed1993a]
2020-02-25 14:00:51,315 1205   [           main] DEBUG source.pooled.PooledDataSource  - Returned connection 517052730 to pool.
2020-02-25 14:40:57,628 0      [           main] DEBUG ache.ibatis.logging.LogFactory  - Logging initialized using 'class org.apache.ibatis.logging.log4j.Log4jImpl' adapter.
2020-02-25 14:40:57,675 47     [           main] DEBUG source.pooled.PooledDataSource  - PooledDataSource forcefully closed/removed all connections.
2020-02-25 14:40:57,675 47     [           main] DEBUG source.pooled.PooledDataSource  - PooledDataSource forcefully closed/removed all connections.
2020-02-25 14:40:57,676 48     [           main] DEBUG source.pooled.PooledDataSource  - PooledDataSource forcefully closed/removed all connections.
2020-02-25 14:40:57,676 48     [           main] DEBUG source.pooled.PooledDataSource  - PooledDataSource forcefully closed/removed all connections.
2020-02-25 14:40:57,865 237    [           main] DEBUG ansaction.jdbc.JdbcTransaction  - Opening JDBC Connection
2020-02-25 14:40:58,329 701    [           main] DEBUG source.pooled.PooledDataSource  - Created connection 158199555.
2020-02-25 14:40:58,329 701    [           main] DEBUG ansaction.jdbc.JdbcTransaction  - Setting autocommit to false on JDBC Connection [com.mysql.cj.jdbc.ConnectionImpl@96def03]
2020-02-25 14:40:58,339 711    [           main] DEBUG .huiyalin.dao.UserDao.saveUser  - ==>  Preparing: insert into user(username,address,sex,birthday) values(?,?,?,?); 
2020-02-25 14:40:58,417 789    [           main] DEBUG .huiyalin.dao.UserDao.saveUser  - ==> Parameters: 王贺(String), 王家岭(String), 男(String), 2020-02-25 14:40:57.836(Timestamp)
2020-02-25 14:40:58,471 843    [           main] DEBUG .huiyalin.dao.UserDao.saveUser  - <==    Updates: 1
2020-02-25 14:40:58,475 847    [           main] DEBUG dao.UserDao.saveUser!selectKey  - ==>  Preparing: select last_insert_id(); 
2020-02-25 14:40:58,476 848    [           main] DEBUG dao.UserDao.saveUser!selectKey  - ==> Parameters: 
2020-02-25 14:40:58,523 895    [           main] DEBUG dao.UserDao.saveUser!selectKey  - <==      Total: 1
2020-02-25 14:40:58,529 901    [           main] DEBUG ansaction.jdbc.JdbcTransaction  - Committing JDBC Connection [com.mysql.cj.jdbc.ConnectionImpl@96def03]
2020-02-25 14:40:58,737 1109   [           main] DEBUG ansaction.jdbc.JdbcTransaction  - Resetting autocommit to true on JDBC Connection [com.mysql.cj.jdbc.ConnectionImpl@96def03]
2020-02-25 14:40:58,738 1110   [           main] DEBUG ansaction.jdbc.JdbcTransaction  - Closing JDBC Connection [com.mysql.cj.jdbc.ConnectionImpl@96def03]
2020-02-25 14:40:58,738 1110   [           main] DEBUG source.pooled.PooledDataSource  - Returned connection 158199555 to pool.
2020-02-25 15:23:06,621 1      [           main] DEBUG ache.ibatis.logging.LogFactory  - Logging initialized using 'class org.apache.ibatis.logging.log4j.Log4jImpl' adapter.
2020-02-25 15:23:06,728 108    [           main] DEBUG source.pooled.PooledDataSource  - PooledDataSource forcefully closed/removed all connections.
2020-02-25 15:23:06,728 108    [           main] DEBUG source.pooled.PooledDataSource  - PooledDataSource forcefully closed/removed all connections.
2020-02-25 15:23:06,729 109    [           main] DEBUG source.pooled.PooledDataSource  - PooledDataSource forcefully closed/removed all connections.
2020-02-25 15:23:06,729 109    [           main] DEBUG source.pooled.PooledDataSource  - PooledDataSource forcefully closed/removed all connections.
2020-02-25 15:23:07,105 485    [           main] DEBUG ansaction.jdbc.JdbcTransaction  - Opening JDBC Connection
2020-02-25 15:23:07,639 1019   [           main] DEBUG source.pooled.PooledDataSource  - Created connection 963110412.
2020-02-25 15:23:07,639 1019   [           main] DEBUG ansaction.jdbc.JdbcTransaction  - Setting autocommit to false on JDBC Connection [com.mysql.cj.jdbc.ConnectionImpl@3967e60c]
2020-02-25 15:23:07,647 1027   [           main] DEBUG .huiyalin.dao.UserDao.findByVo  - ==>  Preparing: select * from user where username like ?; 
2020-02-25 15:23:07,738 1118   [           main] DEBUG .huiyalin.dao.UserDao.findByVo  - ==> Parameters: %王%(String)
2020-02-25 15:23:07,811 1191   [           main] DEBUG .huiyalin.dao.UserDao.findByVo  - <==      Total: 8
2020-02-25 15:23:07,822 1202   [           main] DEBUG ansaction.jdbc.JdbcTransaction  - Resetting autocommit to true on JDBC Connection [com.mysql.cj.jdbc.ConnectionImpl@3967e60c]
2020-02-25 15:23:07,833 1213   [           main] DEBUG ansaction.jdbc.JdbcTransaction  - Closing JDBC Connection [com.mysql.cj.jdbc.ConnectionImpl@3967e60c]
2020-02-25 15:23:07,833 1213   [           main] DEBUG source.pooled.PooledDataSource  - Returned connection 963110412 to pool.
2020-02-25 16:23:13,352 0      [           main] DEBUG ache.ibatis.logging.LogFactory  - Logging initialized using 'class org.apache.ibatis.logging.log4j.Log4jImpl' adapter.
2020-02-25 16:23:13,417 65     [           main] DEBUG source.pooled.PooledDataSource  - PooledDataSource forcefully closed/removed all connections.
2020-02-25 16:23:13,418 66     [           main] DEBUG source.pooled.PooledDataSource  - PooledDataSource forcefully closed/removed all connections.
2020-02-25 16:23:13,418 66     [           main] DEBUG source.pooled.PooledDataSource  - PooledDataSource forcefully closed/removed all connections.
2020-02-25 16:23:13,418 66     [           main] DEBUG source.pooled.PooledDataSource  - PooledDataSource forcefully closed/removed all connections.
2020-02-25 16:24:35,005 0      [           main] DEBUG ache.ibatis.logging.LogFactory  - Logging initialized using 'class org.apache.ibatis.logging.log4j.Log4jImpl' adapter.
2020-02-25 16:24:35,065 60     [           main] DEBUG source.pooled.PooledDataSource  - PooledDataSource forcefully closed/removed all connections.
2020-02-25 16:24:35,066 61     [           main] DEBUG source.pooled.PooledDataSource  - PooledDataSource forcefully closed/removed all connections.
2020-02-25 16:24:35,066 61     [           main] DEBUG source.pooled.PooledDataSource  - PooledDataSource forcefully closed/removed all connections.
2020-02-25 16:24:35,066 61     [           main] DEBUG source.pooled.PooledDataSource  - PooledDataSource forcefully closed/removed all connections.
2020-02-25 16:24:35,286 281    [           main] DEBUG ansaction.jdbc.JdbcTransaction  - Opening JDBC Connection
2020-02-25 16:24:35,713 708    [           main] DEBUG source.pooled.PooledDataSource  - Created connection 1559122513.
2020-02-25 16:24:35,713 708    [           main] DEBUG ansaction.jdbc.JdbcTransaction  - Setting autocommit to false on JDBC Connection [com.mysql.cj.jdbc.ConnectionImpl@5cee5251]
2020-02-25 16:24:35,720 715    [           main] DEBUG m.huiyalin.dao.UserDao.findAll  - ==>  Preparing: select * from user 
2020-02-25 16:24:35,810 805    [           main] DEBUG m.huiyalin.dao.UserDao.findAll  - ==> Parameters: 
2020-02-25 16:24:35,873 868    [           main] DEBUG m.huiyalin.dao.UserDao.findAll  - <==      Total: 10
2020-02-25 16:24:35,880 875    [           main] DEBUG ansaction.jdbc.JdbcTransaction  - Resetting autocommit to true on JDBC Connection [com.mysql.cj.jdbc.ConnectionImpl@5cee5251]
2020-02-25 16:24:35,892 887    [           main] DEBUG ansaction.jdbc.JdbcTransaction  - Closing JDBC Connection [com.mysql.cj.jdbc.ConnectionImpl@5cee5251]
2020-02-25 16:24:35,893 888    [           main] DEBUG source.pooled.PooledDataSource  - Returned connection 1559122513 to pool.
2020-02-25 16:25:13,003 0      [           main] DEBUG ache.ibatis.logging.LogFactory  - Logging initialized using 'class org.apache.ibatis.logging.log4j.Log4jImpl' adapter.
2020-02-25 16:25:13,051 48     [           main] DEBUG source.pooled.PooledDataSource  - PooledDataSource forcefully closed/removed all connections.
2020-02-25 16:25:13,051 48     [           main] DEBUG source.pooled.PooledDataSource  - PooledDataSource forcefully closed/removed all connections.
2020-02-25 16:25:13,051 48     [           main] DEBUG source.pooled.PooledDataSource  - PooledDataSource forcefully closed/removed all connections.
2020-02-25 16:25:13,052 49     [           main] DEBUG source.pooled.PooledDataSource  - PooledDataSource forcefully closed/removed all connections.
2020-02-25 16:26:36,863 0      [           main] DEBUG ache.ibatis.logging.LogFactory  - Logging initialized using 'class org.apache.ibatis.logging.log4j.Log4jImpl' adapter.
2020-02-25 16:26:36,917 54     [           main] DEBUG source.pooled.PooledDataSource  - PooledDataSource forcefully closed/removed all connections.
2020-02-25 16:26:36,917 54     [           main] DEBUG source.pooled.PooledDataSource  - PooledDataSource forcefully closed/removed all connections.
2020-02-25 16:26:36,917 54     [           main] DEBUG source.pooled.PooledDataSource  - PooledDataSource forcefully closed/removed all connections.
2020-02-25 16:26:36,918 55     [           main] DEBUG source.pooled.PooledDataSource  - PooledDataSource forcefully closed/removed all connections.
2020-02-25 16:26:37,139 276    [           main] DEBUG ansaction.jdbc.JdbcTransaction  - Opening JDBC Connection
2020-02-25 16:26:37,491 628    [           main] DEBUG source.pooled.PooledDataSource  - Created connection 355790875.
2020-02-25 16:26:37,492 629    [           main] DEBUG ansaction.jdbc.JdbcTransaction  - Setting autocommit to false on JDBC Connection [com.mysql.cj.jdbc.ConnectionImpl@1534f01b]
2020-02-25 16:26:37,499 636    [           main] DEBUG .huiyalin.dao.UserDao.findByVo  - ==>  Preparing: select * from user where username like ?; 
2020-02-25 16:26:37,564 701    [           main] DEBUG .huiyalin.dao.UserDao.findByVo  - ==> Parameters: %王%(String)
2020-02-25 16:26:37,621 758    [           main] DEBUG .huiyalin.dao.UserDao.findByVo  - <==      Total: 8
2020-02-25 16:26:37,627 764    [           main] DEBUG ansaction.jdbc.JdbcTransaction  - Resetting autocommit to true on JDBC Connection [com.mysql.cj.jdbc.ConnectionImpl@1534f01b]
2020-02-25 16:26:37,628 765    [           main] DEBUG ansaction.jdbc.JdbcTransaction  - Closing JDBC Connection [com.mysql.cj.jdbc.ConnectionImpl@1534f01b]
2020-02-25 16:26:37,628 765    [           main] DEBUG source.pooled.PooledDataSource  - Returned connection 355790875 to pool.
2020-02-25 18:52:56,561 0      [           main] DEBUG ache.ibatis.logging.LogFactory  - Logging initialized using 'class org.apache.ibatis.logging.log4j.Log4jImpl' adapter.
2020-02-25 18:52:56,628 67     [           main] DEBUG source.pooled.PooledDataSource  - PooledDataSource forcefully closed/removed all connections.
2020-02-25 18:52:56,629 68     [           main] DEBUG source.pooled.PooledDataSource  - PooledDataSource forcefully closed/removed all connections.
2020-02-25 18:52:56,629 68     [           main] DEBUG source.pooled.PooledDataSource  - PooledDataSource forcefully closed/removed all connections.
2020-02-25 18:52:56,630 69     [           main] DEBUG source.pooled.PooledDataSource  - PooledDataSource forcefully closed/removed all connections.
2020-02-25 18:52:56,851 290    [           main] DEBUG ansaction.jdbc.JdbcTransaction  - Opening JDBC Connection
2020-02-25 18:52:57,416 855    [           main] DEBUG source.pooled.PooledDataSource  - Created connection 1259652483.
2020-02-25 18:52:57,416 855    [           main] DEBUG ansaction.jdbc.JdbcTransaction  - Setting autocommit to false on JDBC Connection [com.mysql.cj.jdbc.ConnectionImpl@4b14c583]
2020-02-25 18:52:57,427 866    [           main] DEBUG m.huiyalin.dao.UserDao.findAll  - ==>  Preparing: select * from user 
2020-02-25 18:52:57,503 942    [           main] DEBUG m.huiyalin.dao.UserDao.findAll  - ==> Parameters: 
2020-02-25 18:52:57,574 1013   [           main] DEBUG ansaction.jdbc.JdbcTransaction  - Resetting autocommit to true on JDBC Connection [com.mysql.cj.jdbc.ConnectionImpl@4b14c583]
2020-02-25 18:52:57,575 1014   [           main] DEBUG ansaction.jdbc.JdbcTransaction  - Closing JDBC Connection [com.mysql.cj.jdbc.ConnectionImpl@4b14c583]
2020-02-25 18:52:57,576 1015   [           main] DEBUG source.pooled.PooledDataSource  - Returned connection 1259652483 to pool.
2020-02-25 18:53:26,459 0      [           main] DEBUG ache.ibatis.logging.LogFactory  - Logging initialized using 'class org.apache.ibatis.logging.log4j.Log4jImpl' adapter.
2020-02-25 18:53:26,511 52     [           main] DEBUG source.pooled.PooledDataSource  - PooledDataSource forcefully closed/removed all connections.
2020-02-25 18:53:26,511 52     [           main] DEBUG source.pooled.PooledDataSource  - PooledDataSource forcefully closed/removed all connections.
2020-02-25 18:53:26,512 53     [           main] DEBUG source.pooled.PooledDataSource  - PooledDataSource forcefully closed/removed all connections.
2020-02-25 18:53:26,512 53     [           main] DEBUG source.pooled.PooledDataSource  - PooledDataSource forcefully closed/removed all connections.
2020-02-25 18:53:26,744 285    [           main] DEBUG ansaction.jdbc.JdbcTransaction  - Opening JDBC Connection
2020-02-25 18:53:27,207 748    [           main] DEBUG source.pooled.PooledDataSource  - Created connection 1259652483.
2020-02-25 18:53:27,207 748    [           main] DEBUG ansaction.jdbc.JdbcTransaction  - Setting autocommit to false on JDBC Connection [com.mysql.cj.jdbc.ConnectionImpl@4b14c583]
2020-02-25 18:53:27,217 758    [           main] DEBUG m.huiyalin.dao.UserDao.findAll  - ==>  Preparing: select * from user 
2020-02-25 18:53:27,399 940    [           main] DEBUG m.huiyalin.dao.UserDao.findAll  - ==> Parameters: 
2020-02-25 18:53:27,483 1024   [           main] DEBUG m.huiyalin.dao.UserDao.findAll  - <==      Total: 10
2020-02-25 18:53:27,502 1043   [           main] DEBUG ansaction.jdbc.JdbcTransaction  - Resetting autocommit to true on JDBC Connection [com.mysql.cj.jdbc.ConnectionImpl@4b14c583]
2020-02-25 18:53:27,560 1101   [           main] DEBUG ansaction.jdbc.JdbcTransaction  - Closing JDBC Connection [com.mysql.cj.jdbc.ConnectionImpl@4b14c583]
2020-02-25 18:53:27,560 1101   [           main] DEBUG source.pooled.PooledDataSource  - Returned connection 1259652483 to pool.
